100
0 8 27 39 91 33 22 43 1137 54 288 220 66 756 100 237 1687 1422 663 425 93 1368 4227 192 4040 146 3053 6614 8949 6045
1 0 1 2 3 5 4 6 7 9 15 61 26 14 19 180 30 159 251 281 52 12 10 21 22 88 35 110 42 13 8 37 946 36 17 41 377 158 65 63 2841 3198 1290
2 0 1 2 4 3 6 7 8 9 11 14 17 16 18 24 21 27 15 28 22 33 35 23 32 20 44 45 62 94 66 70 85 54 69 64 83 122 148 940 2264
3 125 54 447 768 161 235 907 1456 1991 4630 8444 8948 590 3097 46 222 2696 6166 2078 3676 853 698 5165 2738 9906 1065 4361 7924 4032 9607 1288 199 735
4 2706 511 2098 3056 7687 941 8401 9493 3293 2791 6205 7287 8518 8428 7122 3946 2413 51 862 278 5196 3769 1377 2460 818 2894 1257 7275
5 36 97 41 93 46 67 29 76 95 135 96 40 245 149 90 240 98 32 70 51 390 202 141 500 109 255 65 125 286 328 747 193 155 708 1263
6 0 1 13 6 12 7 10 19 20 40 30 21 31 18 41 25 50 38 37 46 75 112 48 108 44 172 170 67 100 72 78 121 1310
7 0 1 2 3 4 6 7 12 9 11 8 15 10 21 13 14 17 23 16 18 24 47 46 35 20 28 49 19 55 51 40 32 63 36 58 184 355
8 11 126 85 75 411 25 40 50 74 323 76 24 56 54 546 64 216 631 38 1588 18 415 179 2308 142 596 199 51 1037 484 436 252 27 1225 1572
9 0 16 56 24 53 232 163 46 3 58 67 109 115 44 158 48 45 99 142 27 808 95 70 60 47 79 83 62 51 468 75 69 120 6729 859
10 0 2 1 3 4 10 11 20 13 23 28 17 32 14 47 27 16 61 18 9 114 50 123 455 35 101 513 106 40 129 134 256 42 207 196 2848 5926
11 13 41 54 48 51 46 39 111 136 79 55 64 91 82 117 75 112 67 93 103 40 72 142 125 81 248 477 206 327 2060 485
12 0 1 2 5 3 4 9 6 8 7 26 14 29 22 10 16 32 34 33 13 39 12 42 23 11 35 43 18 27 19 56 20 120
13 567 29 1271 2568 5120 1828 4162 5604 6480 3648 4482 1087 4001 8116 4350 3839 875 7316 1452 1865 249 2142 393 976 358 7027 6558 2464 31 7658 7918 3600
14 185 143 303 1097 450 362 291 1902 706 370 224 3070 1709 6662 1748 7367 2096 816 121 245 1207 2205 3950 1027 1641 7791 1811 417 6630 250 107 5850 65 8660 2955 9894 1077
15 0 8 1 22 6 42 3 54 43 33 87 67 147 92 5 113 83 48 68 120 89 30 84 108 7 61 513 182 178 772 72 69 2291 138
16 167 256 418 659 288 848 1754 819 78 1116 506 933 4848 6031 9471 5429 4752 1590 5222 380 3548 350 1576 3500 1100 4362 2983 1021 1959 1985 9225 372
17 418 1185 5893 510 247 665 92 68 257 454 759 4278 1710 346 3900 3274 7818 633 2202 53 3735 5278 547 8015 602 6797 1051 622 1352 3923 4343 1524 4607 6049 2614 1077
18 267 37 10 204 879 38 77 66 161 94 175 390 169 245 202 189 192 257 701 450 2128 796 632 7593 3813 750 1481 2688 979 301 130 179 393 355
19 67 633 139 250 39 3797 253 231 37 826 153 871 358 214 517 55 158 175 904 124 598 81 339 1114 351 108 22 599 109 775 102 64 303 1737
20 2 4 8 11 15 10 12 9 35 33 26 22 36 49 13 75 43 20 32 18 24 119 125 1052 491 57 99 41 148 21 106 37 140 149 176 5526 709 120 1290
21 0 2 5 1 4 10 3 34 15 33 12 71 16 17 39 74 14 26 21 124 22 11 27 41 47 77 79 38 103 8 7 9 176 3684
22 0 5 1 6 2 7 4 26 8 3 9 31 33 15 12 30 133 68 89 59 29 37 75 25 41 97 43 72 60 63 224 1310 9517
23 42 56 139 86 83 172 95 264 252 135 131 226 70 48 195 230 462 25 275 318 60 1407 2169 150 215 343 345 645 611 361 2479 17 323 1429 671 482
24 27 16 91 104 128 53 42 74 80 105 8 82 30 188 73 88 77 269 185 203 84 271 61 103 644 54 56 236 114 116 134 167 123 131 246 96 542 725
25 6 20 18 19 50 64 101 44 82 69 13 425 46 40 72 602 91 49 36 127 161 35 202 241 34 32 2587 25 37 1667 120 1482 7242 2264 5482
26 25 24 16 17 27 84 45 66 47 144 161 187 131 85 60 120 2052 100 80 222 210 2195 234 91 409 181 162 415 446 412 183 299 890 526 907 867
27 5 17 15 16 34 24 28 23 14 40 25 47 53 20 60 39 45 35 27 50 164 122 165 57 151 82 119 124 107 110 26 100 79 44 228 184 139
28 2 4 17 12 44 6 11 10 67 31 64 93 144 35 170 60 61 258 148 82 137 264 128 41 132 272 234 78 169 612 107 478 114 253
29 27 34 66 223 270 360 337 329 490 281 331 278 290 442 437 274 330 807 229 3842 393 1000 880 793 236 887 456 496 1908 287 559 1378 650 1803 3158
30 1610 150 610 275 625 2385 435 1026 154 602 94 687 4801 8740 347 1906 187 537 162 70 198 1401 992 143 9295 2522 1979 6450 2156 5792 8875 332 2048 914 6097 8938 2076 2112 1583 138
31 0 3 2 5 1 4 16 8 9 11 27 14 26 6 105 10 58 12 17 56 7 73 20 42 96 68 18 19 59 77 70 399 55 28 549 102 197 554
32 10 12 34 25 11 13 60 83 49 31 20 56 47 116 38 65 74 186 135 101 84 104 119 162 231 128 239 435 339 709 131 797 138 184 199 5921 155 968
33 32 22 31 33 92 46 47 43 51 724 222 180 298 83 87 48 169 174 49 62 126 4 980 1427 204 63 80 299 482 252 6656 138 3097
34 2 4 10 8 16 14 18 32 17 11 9 26 28 58 27 52 121 76 40 391 412 1233 73 20 35 23 1007 305 91 95 106 79 24 190 198 371 63 1089 3097 1290
35 190 1150 8973 1959 646 6137 3236 1752 7970 476 2239 483 1074 5221 6012 344 295 4164 471 529 836 316 969 953 1504 2516 1363 3560 899 1065 4551 8450 7709
36 163 94 1638 137 712 206 434 406 1936 469 328 733 1783 95 1481 647 403 998 979 3730 561 6137 5361 1797 5005 2979 501 676 1532 324 105 9562 490 3194 751 9040 1168 8454 797 3497 2591 859
37 0 1 3 5 6 7 19 30 25 41 48 54 31 50 42 60 56 44 77 40 46 82 68 102 154 61 59 114 129 128 176 166 158 252 126
38 360 2191 507 2805 6329 3659 5803 1362 6064 1314 1062 5519 6284 2067 1370 1337 268 553 4809 346 4221 1106 659 65 33 648 4009 2840 1765 256 298 3478 489 9138 2992 442
39 17 50 46 25 21 62 48 51 40 74 79 55 60 546 118 99 439 1251 68 108 207 322 22 129 102 162 237 579 163 335 5381 1671 5921
40 53 143 64 265 161 160 405 211 308 231 151 1880 306 521 777 907 135 388 317 595 292 1053 3761 498 538 73 66 3488 96 1465 5546 1184 1958 1482
41 0 1 3 7 6 97 5 39 205 25 137 50 214 12 64 181 82 86 156 2415 3790 283 412 321 38 3135 372 117 516 155 2153
42 0 3 6 1 18 7 2 56 123 294 4 8 5 19 29 74 935 1449 1001 284 250 441 487 41 249 954 1729 11 60 170 234 814 369 1027 129 353 7347 708 1263 9517
43 132 347 6126 168 1988 1128 1758 3164 2611 1509 1967 325 633 1889 1571 1876 664 472 5689 9359 772 7986 2904 1894 4838 87 2507 1993 1333 474 6423 3016 968
44 498 301 256 1002 465 378 742 1246 389 207 4089 214 239 1379 1033 2196 712 309 1070 115 39 1953 272 3604 716 7 2050 158 603 127 3167 339 789 1651 1132 2091 404 1954
45 0 1 2 6 4 3 8 10 7 9 5 12 11 23 15 14 17 18 19 20 21 26 22 29 13 31 55 37 32 33 52 30 43 28 35 114 121 138 554 859 7055
46 15 14 0 19 21 25 9 69 1 205 1155 20 59 181 651 280 172 352 2 183 4148 241 376 289 218 1902 156 983 1298 489 315 124 217 236 155 1502
47 129 5 82 54 90 109 229 57 225 188 138 433 192 93 174 244 140 514 293 130 1582 740 39 519 186 1843 344 63 583 5990 3106
48 0 1 3 6 7 9 8 19 13 20 30 48 25 37 68 31 42 164 99 51 227 59 55 104 134 366 32 96 300 81 398 211 120 1384 252 2060
49 3 7 29 13 22 21 94 186 59 121 113 763 32 70 212 7718 18 641 502 1767 1857 3332 338 839 519 473 994 498 102 92 1671 9957 4613 3923
50 33 817 133 71 85 148 322 137 233 4 2292 1391 251 140 395 83 587 926 178 919 739 320 2513 592 6 443 216 1372 171 415 141 159 268 3140 86 74 2430
51 0 1 2 3 4 5 6 7 11 10 12 8 9 13 14 45 18 21 17 24 35 15 22 28 20 64 16 26 27 117 33 30 41 34 143 78 725 977
52 418 42 786 70 868 296 951 47 384 1601 4025 6514 6001 310 365 753 2190 2327 5625 1950 248 95 676 2088 525 2702 467 6171 689
53 38 70 74 110 246 118 73 1866 92 171 215 65 216 225 89 195 332 151 231 254 22 1296 174 170 194 302 1035 760 846 524 77 289 1315 1495
54 0 1 3 9 7 16 17 13 29 62 21 23 40 180 88 81 115 451 28 1489 95 24 14 35 51 61 15 45 52 31 36 104 509 561 99 243 309 968 3172 1495
55 0 1 8 2 5 3 4 24 6 45 7 10 9 17 80 11 15 14 13 161 57 91 53 115 94 117 88 12 146 71 49 43 55 19 900 1334
56 90 145 181 124 481 115 113 153 160 242 223 177 214 948 179 349 485 825 338 196 142 220 707 323 186 3577 117 398 211 5276 1184
57 5 19 20 26 30 53 43 50 37 52 38 110 44 76 57 218 268 126 200 448 422 197 158 114 349 118 296 335 46 375 102 429 212 308 1442 111 132 55 3661 1506 196 404 3975 3424
58 1228 666 936 381 460 244 144 325 720 294 429 565 550 364 520 1729 4104 806 2986 4685 97 8076 4474 3768 6604 2619 7279 4133 909 396 6571 475 4895 1587 860 2153
59 23 204 535 194 33 479 163 24 769 1011 8601 6408 3843 6238 225 2187 1728 1264 1566 216 2295 902 189 2980 762 1412 605 294 585 933 470 2692 494 5333 977 8450
60 25 19 65 123 15 106 38 122 101 297 49 84 78 130 235 88 68 105 758 58 1927 1909 143 80 238 1756 219 310 194 350 216 259 164 355 1604 797 4247
61 63 121 213 105 215 444 362 221 103 266 2014 230 208 75 916 351 456 295 7672 4674 374 226 131 815 2976 530 112 566 408 1706 468 62 184
62 0 1 3 7 16 117 111 155 31 245 146 1503 6044 62 770 528 195 87 3429 700 17 101 5672 128 5731 539 1017 3400 118 9593 138 7624
63 255 1054 3349 971 506 206 1123 145 285 976 182 119 327 0 557 6702 8704 809 1266 1147 7373 171 408 7764 1239 3926 129 3299 660 8516 607 582 1041 7776 459 8801 900 583
64 14 296 3317 399 336 505 146 379 265 157 90 301 778 6820 3358 2433 458 3032 219 679 244 71 342 238 15 805 592 533 127 784 803 1108 55 591 1190 1005 176 6035 1384 9305 9584
65 32 97 49 73 47 17 117 42 94 72 64 432 43 190 136 41 259 568 546 1336 1635 2132 177 77 1623 224 1956 38 13 3689 1679 329
66 65 67 101 45 457 136 1424 119 947 61 3989 1413 1042 1156 524 1959 1438 4477 3324 23 1677 5834 1967 885 1105 1686 2664 2579 1402 3700 7325
67 0 1 2 4 3 10 6 7 9 11 12 18 5 29 37 19 36 13 8 38 31 21 65 57 71 28 35 78 52 77 15 34 118 160 152 157 88 14 155 1495
68 62 76 243 108 509 324 279 1428 314 250 213 134 112 517 79 83 397 309 156 255 502 424 724 357 85 465 98 191 193 116 84 461 1122
69 12 17 20 83 43 63 10 72 107 171 27 335 145 84 75 47 42 41 62 142 936 82 1107 54 89 73 689 224 11 501 36 185 68 216 3499 977
70 59 69 176 49 253 90 73 40 42 545 54 113 410 298 666 378 315 66 762 254 629 2973 76 367 91 36 840 240 58 577 384 332 365 5801 2759 2780
71 15 36 49 143 66 101 150 546 83 306 89 903 225 364 350 202 2477 2360 439 906 252 581 945 446 445 799 585 1334 1958
72 236 34 124 653 798 237 475 356 4630 371 543 328 2473 2859 313 428 3038 1434 2135 8512 2218 8629 2262 755 1353 189 6094 3828 2094 1566 1408 7797 404 708
73 103 320 250 46 52 637 92 3708 293 609 1484 137 98 156 1311 3403 140 308 397 1756 2201 597 470 1611 1845 149 1953 6188 1307 197 864 842 317 348 132 534 686 3774 867
74 2 1 4 8 10 11 12 9 199 13 109 37 121 38 25 110 21 2014 431 621 201 582 89 54 446 203 102 149 322 65 53 1038 6 8365 3502 1210 1332 2848 5526 1954
75 14 6 5 147 23 257 174 34 98 69 165 392 29 64 159 217 209 86 60 92 28 562 4 1841 454 141 401 112 2 58 173 3244 6165
76 0 1 2 3 4 5 6 7 9 24 8 16 22 14 10 12 35 50 23 30 39 17 21 104 13 26 66 28 27 18 19 11 46 71
77 207 144 254 2942 1888 32 90 533 113 52 44 851 35 71 217 514 78 249 188 244 8733 433 4138 5350 1130 40 1593 651 2657 103 273 4347 725
78 87 59 292 352 391 168 99 89 78 102 2282 178 154 325 81 261 987 145 133 654 183 307 1913 465 285 845 680 171 731 572 237 210 245 443 1591 4336 632 3756 8402 1502
79 0 1 8 9 87 71 52 98 37 57 39 156 76 45 97 53 130 89 16 81 119 51 24 238 140 47 33 93 30 96 152 131 4371 6402
80 108 287 316 95 553 619 145 25 1572 224 94 4241 1815 75 154 101 3017 641 688 1217 971 2883 2458 115 4859 5724 2683 9566 2062 426 229 4618 120 1173
81 51 95 25 63 156 209 49 165 85 133 259 36 363 167 282 527 225 300 79 1627 345 80 42 273 128 277 355 168 337 861 138 7117 3110
82 52 126 58 96 247 73 99 77 163 565 155 360 271 339 30 60 137 241 494 1983 341 927 229 1759 334 82 677 2282 2967 66 508 841 202 4525 235 348 662 968 252
83 0 105 106 1 2 59 179 68 70 227 235 323 779 589 1595 891 267 5688 1515 3175 3 280 669 319 1932 185 342 4090 3244
84 12 24 34 15 13 21 51 5 86 29 6 22 38 102 50 39 64 69 57 8 65 127 155 7 45 117 62 53 124 136 168 49 36 81 3222 968 1737
85 34 187 217 338 938 544 201 139 226 293 174 676 715 656 2652 5641 951 39 9442 6234 412 193 1449 2024 475 1295 3559 2562 4390 442 184 4102 138
86 0 1 3 2 4 5 7 9 10 11 14 6 16 13 12 15 21 25 19 17 20 27 18 23 38 26 28 34 35 100 60 44 68 50 72 120 708
87 17 22 18 130 1073 99 32 177 82 62 323 882 470 774 2334 475 176 419 302 253 166 55 949 505 4738 1862 2071 353 1333 51 397 197 5959
88 250 278 1027 796 127 130 714 96 239 190 510 1080 216 52 660 238 2552 559 1223 309 48 150 1583 6025 3915 361 672 7777 4928 5778 2475 1571 928 869 554 4171 1263
89 22 48 58 66 178 26 43 36 127 545 41 206 218 726 111 272 32 205 161 553 233 49 112 277 912 267 59 5350 79 227 837 199 485
90 5 14 23 27 28 42 55 34 20 331 63 25 90 83 110 184 158 111 229 218 425 76 118 157 72 141 138 287 201 26 159 210 92 116 655 98 30 108 419 139 120 2371 69
91 663 452 281 209 654 374 8088 426 4370 2665 3003 5275 407 414 210 6018 6005 1746 970 534 1066 1091 2591 2492 1142 8585 1474 438 4581 1166 425 7135 7086 3244
92 24 45 57 16 106 97 71 41 169 144 81 122 47 194 179 132 248 142 304 75 107 551 205 293 137 152 74 316 715 210 109 120 356 1714
93 107 122 276 160 1152 152 1948 597 1010 3535 606 2285 128 750 502 233 866 549 281 555 9798 1951 842 208 201 4319 4051 88 1127 1388 2198 6577
94 1008 262 402 2882 3458 332 1150 301 830 1865 1506 217 309 645 1663 180 975 130 1000 232 960 7971 842 268 374 1741 544 2968 6424 218 557 655 1783
95 1863 652 742 402 200 311 2670 1017 488 908 1628 3654 3420 5774 813 1073 2436 963 6147 6913 133 258 580 6629 228 3893 2348 3033 79 2022 1387 5554 7585
96 2 4 10 11 12 18 131 58 127 249 71 24 45 149 63 163 109 105 56 715 137 153 74 1361 139 381 201 219 239 30 53 88 199 2818 5482
97 0 1 6 2 3 4 8 5 9 7 12 10 22 29 21 59 11 69 84 36 90 19 14 13 18 46 37 31 86 15 173 33 78 76 1591 138 2889 5381
98 0 1 2 6 4 11 9 8 5 3 12 10 14 20 18 26 16 19 7 40 17 32 15 44 38 27 41 24 52 31 43 23 55 62 139 37 28 56 72 120 3097 355
99 15 39 33 29 22 62 61 178 69 81 37 119 139 101 173 36 199 168 116 13 84 56 31 153 134 113 75 406 175 503 195 180 138 637 482 103 63 3110 3767
